{
    "tests": [
        {
            "test_file": "login.login",
            "test": "test",
            "set_name": "",
            "environment": "",
            "result": "code error",
            "description": "Login into the website",
            "browser": "chrome",
            "test_data": {},
            "steps": [
                {
                    "message": "Navigate to: 'https://staging.nalarocks.com/sign-in'",
                    "screenshot": null,
                    "error": null
                },
                {
                    "message": "Error",
                    "screenshot": "Error_069f6.png",
                    "error": {
                        "message": "ElementNotFound: Element input[data-testid=\"input-text-controller\"] not found using selector css:'input[data-testid=\"input-text-controller\"]'",
                        "description": "Traceback (most recent call last):\n  File \"/home/lautaro/env/lib/python3.10/site-packages/golem/test_runner/test_runner.py\", line 202, in run_test_function\n    f(execution.data)\n  File \"/home/lautaro/test_directory/projects/nala/tests/login/login.py\", line 7, in test\n    send_keys(('input[data-testid=\"input-text-controller\"]'), 'Messi')\n  File \"/home/lautaro/env/lib/python3.10/site-packages/golem/actions.py\", line 1576, in send_keys\n    element = get_browser().find(element)\n  File \"/home/lautaro/env/lib/python3.10/site-packages/golem/webdriver/extended_driver.py\", line 177, in find\n    return common._find(self, element, id, name, link_text, partial_link_text, css,\n  File \"/home/lautaro/env/lib/python3.10/site-packages/golem/webdriver/common.py\", line 130, in _find\n    webelement = _find_webelement(self, selector_type, selector_value, element_name,\n  File \"/home/lautaro/env/lib/python3.10/site-packages/golem/webdriver/common.py\", line 46, in _find_webelement\n    raise ElementNotFound('Element {0} not found using selector {1}:\\'{2}\\''\ngolem.core.exceptions.ElementNotFound: Element input[data-testid=\"input-text-controller\"] not found using selector css:'input[data-testid=\"input-text-controller\"]'"
                    }
                }
            ],
            "errors": [
                {
                    "message": "ElementNotFound: Element input[data-testid=\"input-text-controller\"] not found using selector css:'input[data-testid=\"input-text-controller\"]'",
                    "description": "Traceback (most recent call last):\n  File \"/home/lautaro/env/lib/python3.10/site-packages/golem/test_runner/test_runner.py\", line 202, in run_test_function\n    f(execution.data)\n  File \"/home/lautaro/test_directory/projects/nala/tests/login/login.py\", line 7, in test\n    send_keys(('input[data-testid=\"input-text-controller\"]'), 'Messi')\n  File \"/home/lautaro/env/lib/python3.10/site-packages/golem/actions.py\", line 1576, in send_keys\n    element = get_browser().find(element)\n  File \"/home/lautaro/env/lib/python3.10/site-packages/golem/webdriver/extended_driver.py\", line 177, in find\n    return common._find(self, element, id, name, link_text, partial_link_text, css,\n  File \"/home/lautaro/env/lib/python3.10/site-packages/golem/webdriver/common.py\", line 130, in _find\n    webelement = _find_webelement(self, selector_type, selector_value, element_name,\n  File \"/home/lautaro/env/lib/python3.10/site-packages/golem/webdriver/common.py\", line 46, in _find_webelement\n    raise ElementNotFound('Element {0} not found using selector {1}:\\'{2}\\''\ngolem.core.exceptions.ElementNotFound: Element input[data-testid=\"input-text-controller\"] not found using selector css:'input[data-testid=\"input-text-controller\"]'"
                }
            ],
            "elapsed_time": 22.39,
            "timestamp": "2022.08.30.20.22.53.586"
        }
    ],
    "params": {
        "browsers": [
            {
                "name": "chrome",
                "capabilities": {}
            }
        ],
        "processes": 1,
        "environments": [],
        "tags": [],
        "remote_url": ""
    },
    "total_tests": 1,
    "totals_by_result": {
        "code error": 1
    },
    "net_elapsed_time": 22.45,
    "has_finished": true
}